e:\新建文件夹 (3)\datastructure_study\linearlist\x64\debug\vc143.pdb
e:\新建文件夹 (3)\datastructure_study\linearlist\x64\debug\vc143.idb
e:\新建文件夹 (3)\datastructure_study\linearlist\x64\debug\slinklist.obj
e:\新建文件夹 (3)\datastructure_study\linearlist\x64\debug\linklist_not_head.obj
e:\新建文件夹 (3)\datastructure_study\linearlist\x64\debug\seqlist.obj
e:\新建文件夹 (3)\datastructure_study\linearlist\x64\debug\linklist.obj
e:\新建文件夹 (3)\datastructure_study\linearlist\x64\debug\dlinklisk.obj
e:\新建文件夹 (3)\datastructure_study\linearlist\x64\debug\clinklist.obj
e:\datastructure_study\linearlist\x64\debug\clinklist.obj
e:\datastructure_study\linearlist\x64\debug\dlinklisk.obj
e:\datastructure_study\linearlist\x64\debug\linklist.obj
e:\datastructure_study\linearlist\x64\debug\linklist_not_head.obj
e:\datastructure_study\linearlist\x64\debug\seqlist.obj
e:\datastructure_study\linearlist\x64\debug\slinklist.obj
e:\datastructure_study\linearlist\x64\debug\vc143.idb
e:\datastructure_study\linearlist\x64\debug\vc143.pdb
e:\datastructure_study\x64\debug\linearlist.pdb
e:\datastructure_study\linearlist\x64\debug\linearlist.tlog\cl.command.1.tlog
e:\datastructure_study\linearlist\x64\debug\linearlist.tlog\cl.read.1.tlog
e:\datastructure_study\linearlist\x64\debug\linearlist.tlog\cl.write.1.tlog
e:\datastructure_study\linearlist\x64\debug\linearlist.tlog\link-cvtres.read.1.tlog
e:\datastructure_study\linearlist\x64\debug\linearlist.tlog\link-cvtres.write.1.tlog
e:\datastructure_study\linearlist\x64\debug\linearlist.tlog\link-rc.read.1.tlog
e:\datastructure_study\linearlist\x64\debug\linearlist.tlog\link-rc.write.1.tlog
e:\datastructure_study\linearlist\x64\debug\linearlist.tlog\link.command.1.tlog
e:\datastructure_study\linearlist\x64\debug\linearlist.tlog\link.read.1.tlog
e:\datastructure_study\linearlist\x64\debug\linearlist.tlog\link.read.2.tlog
e:\datastructure_study\linearlist\x64\debug\linearlist.tlog\link.write.1.tlog
