c:\users\admin\source\repos\project1\project1\x64\debug\vc143.pdb
c:\users\admin\source\repos\project1\project1\x64\debug\vc143.idb
c:\users\admin\source\repos\project1\project1\x64\debug\seqlist.obj
c:\users\admin\source\repos\project1\project1\x64\debug\linklist.obj
c:\users\admin\source\repos\project1\project1\x64\debug\dlinklisk.obj
c:\users\admin\source\repos\project1\project1\x64\debug\singlelinklist.obj
c:\users\admin\source\repos\project1\project1\x64\debug\singlelinklist_not_head.obj
c:\users\admin\source\repos\project1\x64\debug\project1.exe
c:\users\admin\source\repos\project1\project1\x64\debug\project1.ilk
c:\users\admin\source\repos\project1\x64\debug\project1.pdb
c:\users\admin\source\repos\datastructure_study\project1\x64\debug\dlinklisk.obj
c:\users\admin\source\repos\datastructure_study\project1\x64\debug\seqlist.obj
c:\users\admin\source\repos\datastructure_study\project1\x64\debug\singlelinklist.obj
c:\users\admin\source\repos\datastructure_study\project1\x64\debug\singlelinklist_not_head.obj
c:\users\admin\source\repos\datastructure_study\project1\x64\debug\linearlist.ilk
c:\users\admin\source\repos\datastructure_study\project1\x64\debug\vc143.idb
c:\users\admin\source\repos\datastructure_study\project1\x64\debug\vc143.pdb
c:\users\admin\source\repos\datastructure_study\x64\debug\project1.pdb
c:\users\admin\source\repos\datastructure_study\x64\debug\project1.exe
c:\users\admin\source\repos\datastructure_study\project1\x64\debug\project1.tlog\cl.command.1.tlog
c:\users\admin\source\repos\datastructure_study\project1\x64\debug\project1.tlog\cl.read.1.tlog
c:\users\admin\source\repos\datastructure_study\project1\x64\debug\project1.tlog\cl.write.1.tlog
c:\users\admin\source\repos\datastructure_study\project1\x64\debug\project1.tlog\link.command.1.tlog
c:\users\admin\source\repos\datastructure_study\project1\x64\debug\project1.tlog\link.read.1.tlog
c:\users\admin\source\repos\datastructure_study\project1\x64\debug\project1.tlog\link.write.1.tlog
